<?xml version="1.0" encoding="UTF-8"?>
<robot generator="Robot 4.1.3 (Python 3.10.2 on win32)" generated="20220125 10:51:47.308" rpa="false" schemaversion="2">
<suite id="s1" name="Test login" source="C:\Users\Luis\Desktop\Automation\test\Test_login.robot">
<test id="s1-t1" name="Caso de Teste 01: Acessar a home do site">
<kw name="Abrir navegador" library="Resource" type="SETUP">
<kw name="Open Browser" library="SeleniumLibrary">
<arg>about:blank</arg>
<arg>${BROWSER}</arg>
<doc>Opens a new browser instance to the optional ``url``.</doc>
<msg timestamp="20220125 10:51:47.540" level="INFO">Opening browser 'chrome' to base url 'about:blank'.</msg>
<status status="PASS" starttime="20220125 10:51:47.540" endtime="20220125 10:51:48.906"/>
</kw>
<status status="PASS" starttime="20220125 10:51:47.540" endtime="20220125 10:51:48.906"/>
</kw>
<kw name="Acessar a pagina do home" library="Resource">
<kw name="Go To" library="SeleniumLibrary">
<arg>${URL}</arg>
<doc>Navigates the current browser window to the provided ``url``.</doc>
<msg timestamp="20220125 10:51:48.908" level="INFO">Opening url 'https://www.saucedemo.com/'</msg>
<status status="PASS" starttime="20220125 10:51:48.908" endtime="20220125 10:51:49.427"/>
</kw>
<kw name="Title Should Be" library="SeleniumLibrary">
<arg>Swag Labs</arg>
<doc>Verifies that the current page title equals ``title``.</doc>
<msg timestamp="20220125 10:51:49.431" level="INFO">Page title is 'Swag Labs'.</msg>
<status status="PASS" starttime="20220125 10:51:49.427" endtime="20220125 10:51:49.431"/>
</kw>
<status status="PASS" starttime="20220125 10:51:48.907" endtime="20220125 10:51:49.432"/>
</kw>
<status status="PASS" starttime="20220125 10:51:47.539" endtime="20220125 10:51:49.432"/>
</test>
<test id="s1-t2" name="Caso de Teste 02: Fazer o login no site">
<kw name="Abrir navegador" library="Resource" type="SETUP">
<kw name="Open Browser" library="SeleniumLibrary">
<arg>about:blank</arg>
<arg>${BROWSER}</arg>
<doc>Opens a new browser instance to the optional ``url``.</doc>
<msg timestamp="20220125 10:51:49.435" level="INFO">Opening browser 'chrome' to base url 'about:blank'.</msg>
<status status="PASS" starttime="20220125 10:51:49.435" endtime="20220125 10:51:50.777"/>
</kw>
<status status="PASS" starttime="20220125 10:51:49.434" endtime="20220125 10:51:50.777"/>
</kw>
<kw name="Acessar a pagina do home" library="Resource">
<kw name="Go To" library="SeleniumLibrary">
<arg>${URL}</arg>
<doc>Navigates the current browser window to the provided ``url``.</doc>
<msg timestamp="20220125 10:51:50.778" level="INFO">Opening url 'https://www.saucedemo.com/'</msg>
<status status="PASS" starttime="20220125 10:51:50.778" endtime="20220125 10:51:51.356"/>
</kw>
<kw name="Title Should Be" library="SeleniumLibrary">
<arg>Swag Labs</arg>
<doc>Verifies that the current page title equals ``title``.</doc>
<msg timestamp="20220125 10:51:51.362" level="INFO">Page title is 'Swag Labs'.</msg>
<status status="PASS" starttime="20220125 10:51:51.356" endtime="20220125 10:51:51.362"/>
</kw>
<status status="PASS" starttime="20220125 10:51:50.778" endtime="20220125 10:51:51.362"/>
</kw>
<kw name="Preencher o campo &quot;usuario&quot;" library="Resource">
<kw name="Input Text" library="SeleniumLibrary">
<arg>id=user-name</arg>
<arg>standard_user</arg>
<doc>Types the given ``text`` into the text field identified by ``locator``.</doc>
<msg timestamp="20220125 10:51:51.364" level="INFO">Typing text 'standard_user' into text field 'id=user-name'.</msg>
<status status="PASS" starttime="20220125 10:51:51.363" endtime="20220125 10:51:51.463"/>
</kw>
<status status="PASS" starttime="20220125 10:51:51.363" endtime="20220125 10:51:51.463"/>
</kw>
<kw name="Preencher o campo &quot;senha&quot;" library="Resource">
<kw name="Input Text" library="SeleniumLibrary">
<arg>id=password</arg>
<arg>secret_sauce</arg>
<doc>Types the given ``text`` into the text field identified by ``locator``.</doc>
<msg timestamp="20220125 10:51:51.464" level="INFO">Typing text 'secret_sauce' into text field 'id=password'.</msg>
<status status="PASS" starttime="20220125 10:51:51.464" endtime="20220125 10:51:51.554"/>
</kw>
<status status="PASS" starttime="20220125 10:51:51.464" endtime="20220125 10:51:51.554"/>
</kw>
<kw name="Clicar no botao &quot;login&quot;" library="Resource">
<kw name="Click Element" library="SeleniumLibrary">
<arg>id=login-button</arg>
<doc>Click the element identified by ``locator``.</doc>
<msg timestamp="20220125 10:51:51.555" level="INFO">Clicking element 'id=login-button'.</msg>
<status status="PASS" starttime="20220125 10:51:51.555" endtime="20220125 10:51:51.662"/>
</kw>
<status status="PASS" starttime="20220125 10:51:51.555" endtime="20220125 10:51:51.662"/>
</kw>
<status status="PASS" starttime="20220125 10:51:49.434" endtime="20220125 10:51:51.663"/>
</test>
<status status="PASS" starttime="20220125 10:51:47.310" endtime="20220125 10:51:51.665"/>
</suite>
<statistics>
<total>
<stat pass="2" fail="0" skip="0">All Tests</stat>
</total>
<tag>
</tag>
<suite>
<stat pass="2" fail="0" skip="0" id="s1" name="Test login">Test login</stat>
</suite>
</statistics>
<errors>
</errors>
</robot>
